{"/Users/aslakhellesoy/git/cucumber/cucumber/tag-expressions/javascript/lib/tag_expression_parser.js":{"path":"/Users/aslakhellesoy/git/cucumber/cucumber/tag-expressions/javascript/lib/tag_expression_parser.js","s":{"1":1,"2":1,"3":17,"4":17,"5":17,"6":17,"7":119,"8":35,"9":7,"10":35,"11":84,"12":21,"13":63,"14":21,"15":17,"16":20,"17":1,"18":19,"19":19,"20":42,"21":15,"22":11,"23":1,"24":10,"25":14,"26":14,"27":1,"28":13,"29":1,"30":1,"31":1,"32":148,"33":1,"34":108,"35":1,"36":126,"37":1,"38":125,"39":1,"40":76,"41":14,"42":14,"43":62,"44":11,"45":11,"46":51,"47":9,"48":42,"49":1,"50":42,"51":12,"52":42,"53":45,"54":1,"55":11,"56":3,"57":11,"58":15,"59":1,"60":13,"61":3,"62":13,"63":15,"64":1,"65":9,"66":2,"67":9,"68":12},"b":{"1":[35,84],"2":[42,29,13,9,6,4],"3":[21,63],"4":[21,42],"5":[37,36],"6":[1,19],"7":[19,0],"8":[1,10],"9":[1,13],"10":[1,125],"11":[14,62],"12":[11,51],"13":[9,42],"14":[3,2],"15":[3,2]},"f":{"1":1,"2":17,"3":119,"4":148,"5":108,"6":126,"7":76,"8":42,"9":12,"10":45,"11":11,"12":3,"13":15,"14":13,"15":3,"16":15,"17":9,"18":2,"19":12},"fnMap":{"1":{"name":"TagExpressionParser","line":1,"loc":{"start":{"line":1,"column":17},"end":{"line":1,"column":48}}},"2":{"name":"(anonymous_2)","line":8,"loc":{"start":{"line":8,"column":15},"end":{"line":8,"column":32}}},"3":{"name":"(anonymous_3)","line":13,"loc":{"start":{"line":13,"column":19},"end":{"line":13,"column":36}}},"4":{"name":"isOp","line":68,"loc":{"start":{"line":68,"column":2},"end":{"line":68,"column":23}}},"5":{"name":"peek","line":72,"loc":{"start":{"line":72,"column":2},"end":{"line":72,"column":23}}},"6":{"name":"pop","line":76,"loc":{"start":{"line":76,"column":2},"end":{"line":76,"column":22}}},"7":{"name":"pushExpr","line":81,"loc":{"start":{"line":81,"column":2},"end":{"line":81,"column":34}}},"8":{"name":"Literal","line":95,"loc":{"start":{"line":95,"column":2},"end":{"line":95,"column":26}}},"9":{"name":"(anonymous_9)","line":96,"loc":{"start":{"line":96,"column":20},"end":{"line":96,"column":41}}},"10":{"name":"(anonymous_10)","line":100,"loc":{"start":{"line":100,"column":20},"end":{"line":100,"column":32}}},"11":{"name":"Or","line":105,"loc":{"start":{"line":105,"column":2},"end":{"line":105,"column":35}}},"12":{"name":"(anonymous_12)","line":106,"loc":{"start":{"line":106,"column":20},"end":{"line":106,"column":41}}},"13":{"name":"(anonymous_13)","line":110,"loc":{"start":{"line":110,"column":20},"end":{"line":110,"column":32}}},"14":{"name":"And","line":115,"loc":{"start":{"line":115,"column":2},"end":{"line":115,"column":36}}},"15":{"name":"(anonymous_15)","line":116,"loc":{"start":{"line":116,"column":20},"end":{"line":116,"column":41}}},"16":{"name":"(anonymous_16)","line":120,"loc":{"start":{"line":120,"column":20},"end":{"line":120,"column":32}}},"17":{"name":"Not","line":125,"loc":{"start":{"line":125,"column":2},"end":{"line":125,"column":21}}},"18":{"name":"(anonymous_18)","line":126,"loc":{"start":{"line":126,"column":20},"end":{"line":126,"column":41}}},"19":{"name":"(anonymous_19)","line":130,"loc":{"start":{"line":130,"column":20},"end":{"line":130,"column":32}}}},"statementMap":{"1":{"start":{"line":1,"column":0},"end":{"line":134,"column":2}},"2":{"start":{"line":8,"column":2},"end":{"line":52,"column":4}},"3":{"start":{"line":9,"column":4},"end":{"line":9,"column":87}},"4":{"start":{"line":10,"column":4},"end":{"line":10,"column":19}},"5":{"start":{"line":11,"column":4},"end":{"line":11,"column":17}},"6":{"start":{"line":13,"column":4},"end":{"line":38,"column":7}},"7":{"start":{"line":14,"column":6},"end":{"line":37,"column":7}},"8":{"start":{"line":15,"column":8},"end":{"line":21,"column":9}},"9":{"start":{"line":20,"column":10},"end":{"line":20,"column":36}},"10":{"start":{"line":22,"column":8},"end":{"line":22,"column":24}},"11":{"start":{"line":23,"column":13},"end":{"line":37,"column":7}},"12":{"start":{"line":24,"column":8},"end":{"line":24,"column":24}},"13":{"start":{"line":25,"column":13},"end":{"line":37,"column":7}},"14":{"start":{"line":26,"column":8},"end":{"line":28,"column":9}},"15":{"start":{"line":27,"column":10},"end":{"line":27,"column":36}},"16":{"start":{"line":29,"column":8},"end":{"line":31,"column":9}},"17":{"start":{"line":30,"column":10},"end":{"line":30,"column":35}},"18":{"start":{"line":32,"column":8},"end":{"line":34,"column":9}},"19":{"start":{"line":33,"column":10},"end":{"line":33,"column":19}},"20":{"start":{"line":36,"column":8},"end":{"line":36,"column":31}},"21":{"start":{"line":40,"column":4},"end":{"line":45,"column":5}},"22":{"start":{"line":41,"column":6},"end":{"line":43,"column":7}},"23":{"start":{"line":42,"column":8},"end":{"line":42,"column":33}},"24":{"start":{"line":44,"column":6},"end":{"line":44,"column":32}},"25":{"start":{"line":47,"column":4},"end":{"line":47,"column":26}},"26":{"start":{"line":48,"column":4},"end":{"line":50,"column":5}},"27":{"start":{"line":49,"column":6},"end":{"line":49,"column":34}},"28":{"start":{"line":51,"column":4},"end":{"line":51,"column":16}},"29":{"start":{"line":54,"column":2},"end":{"line":58,"column":4}},"30":{"start":{"line":60,"column":2},"end":{"line":66,"column":4}},"31":{"start":{"line":68,"column":2},"end":{"line":70,"column":3}},"32":{"start":{"line":69,"column":4},"end":{"line":69,"column":37}},"33":{"start":{"line":72,"column":2},"end":{"line":74,"column":3}},"34":{"start":{"line":73,"column":4},"end":{"line":73,"column":35}},"35":{"start":{"line":76,"column":2},"end":{"line":79,"column":3}},"36":{"start":{"line":77,"column":4},"end":{"line":77,"column":59}},"37":{"start":{"line":77,"column":28},"end":{"line":77,"column":59}},"38":{"start":{"line":78,"column":4},"end":{"line":78,"column":23}},"39":{"start":{"line":81,"column":2},"end":{"line":93,"column":3}},"40":{"start":{"line":82,"column":4},"end":{"line":92,"column":5}},"41":{"start":{"line":83,"column":6},"end":{"line":83,"column":36}},"42":{"start":{"line":84,"column":6},"end":{"line":84,"column":52}},"43":{"start":{"line":85,"column":11},"end":{"line":92,"column":5}},"44":{"start":{"line":86,"column":6},"end":{"line":86,"column":35}},"45":{"start":{"line":87,"column":6},"end":{"line":87,"column":50}},"46":{"start":{"line":88,"column":11},"end":{"line":92,"column":5}},"47":{"start":{"line":89,"column":6},"end":{"line":89,"column":38}},"48":{"start":{"line":91,"column":6},"end":{"line":91,"column":37}},"49":{"start":{"line":95,"column":2},"end":{"line":103,"column":3}},"50":{"start":{"line":96,"column":4},"end":{"line":98,"column":6}},"51":{"start":{"line":97,"column":6},"end":{"line":97,"column":45}},"52":{"start":{"line":100,"column":4},"end":{"line":102,"column":6}},"53":{"start":{"line":101,"column":6},"end":{"line":101,"column":18}},"54":{"start":{"line":105,"column":2},"end":{"line":113,"column":3}},"55":{"start":{"line":106,"column":4},"end":{"line":108,"column":6}},"56":{"start":{"line":107,"column":6},"end":{"line":107,"column":75}},"57":{"start":{"line":110,"column":4},"end":{"line":112,"column":6}},"58":{"start":{"line":111,"column":6},"end":{"line":111,"column":78}},"59":{"start":{"line":115,"column":2},"end":{"line":123,"column":3}},"60":{"start":{"line":116,"column":4},"end":{"line":118,"column":6}},"61":{"start":{"line":117,"column":6},"end":{"line":117,"column":75}},"62":{"start":{"line":120,"column":4},"end":{"line":122,"column":6}},"63":{"start":{"line":121,"column":6},"end":{"line":121,"column":79}},"64":{"start":{"line":125,"column":2},"end":{"line":133,"column":3}},"65":{"start":{"line":126,"column":4},"end":{"line":128,"column":6}},"66":{"start":{"line":127,"column":6},"end":{"line":127,"column":39}},"67":{"start":{"line":130,"column":4},"end":{"line":132,"column":6}},"68":{"start":{"line":131,"column":6},"end":{"line":131,"column":46}}},"branchMap":{"1":{"line":14,"type":"if","locations":[{"start":{"line":14,"column":6},"end":{"line":14,"column":6}},{"start":{"line":14,"column":6},"end":{"line":14,"column":6}}]},"2":{"line":15,"type":"binary-expr","locations":[{"start":{"line":15,"column":15},"end":{"line":15,"column":29}},{"start":{"line":15,"column":33},"end":{"line":15,"column":48}},{"start":{"line":16,"column":11},"end":{"line":16,"column":34}},{"start":{"line":16,"column":38},"end":{"line":16,"column":68}},{"start":{"line":18,"column":11},"end":{"line":18,"column":35}},{"start":{"line":18,"column":39},"end":{"line":18,"column":68}}]},"3":{"line":23,"type":"if","locations":[{"start":{"line":23,"column":13},"end":{"line":23,"column":13}},{"start":{"line":23,"column":13},"end":{"line":23,"column":13}}]},"4":{"line":25,"type":"if","locations":[{"start":{"line":25,"column":13},"end":{"line":25,"column":13}},{"start":{"line":25,"column":13},"end":{"line":25,"column":13}}]},"5":{"line":26,"type":"binary-expr","locations":[{"start":{"line":26,"column":15},"end":{"line":26,"column":29}},{"start":{"line":26,"column":33},"end":{"line":26,"column":50}}]},"6":{"line":29,"type":"if","locations":[{"start":{"line":29,"column":8},"end":{"line":29,"column":8}},{"start":{"line":29,"column":8},"end":{"line":29,"column":8}}]},"7":{"line":32,"type":"if","locations":[{"start":{"line":32,"column":8},"end":{"line":32,"column":8}},{"start":{"line":32,"column":8},"end":{"line":32,"column":8}}]},"8":{"line":41,"type":"if","locations":[{"start":{"line":41,"column":6},"end":{"line":41,"column":6}},{"start":{"line":41,"column":6},"end":{"line":41,"column":6}}]},"9":{"line":48,"type":"if","locations":[{"start":{"line":48,"column":4},"end":{"line":48,"column":4}},{"start":{"line":48,"column":4},"end":{"line":48,"column":4}}]},"10":{"line":77,"type":"if","locations":[{"start":{"line":77,"column":4},"end":{"line":77,"column":4}},{"start":{"line":77,"column":4},"end":{"line":77,"column":4}}]},"11":{"line":82,"type":"if","locations":[{"start":{"line":82,"column":4},"end":{"line":82,"column":4}},{"start":{"line":82,"column":4},"end":{"line":82,"column":4}}]},"12":{"line":85,"type":"if","locations":[{"start":{"line":85,"column":11},"end":{"line":85,"column":11}},{"start":{"line":85,"column":11},"end":{"line":85,"column":11}}]},"13":{"line":88,"type":"if","locations":[{"start":{"line":88,"column":11},"end":{"line":88,"column":11}},{"start":{"line":88,"column":11},"end":{"line":88,"column":11}}]},"14":{"line":107,"type":"binary-expr","locations":[{"start":{"line":107,"column":13},"end":{"line":107,"column":41}},{"start":{"line":107,"column":45},"end":{"line":107,"column":74}}]},"15":{"line":117,"type":"binary-expr","locations":[{"start":{"line":117,"column":13},"end":{"line":117,"column":41}},{"start":{"line":117,"column":45},"end":{"line":117,"column":74}}]}}}}