TN:
SF:/Users/aslakhellesoy/git/cucumber/cucumber/tag-expressions/javascript/lib/tag_expression_parser.js
FN:1,TagExpressionParser
FN:8,(anonymous_2)
FN:13,(anonymous_3)
FN:68,isOp
FN:72,peek
FN:76,pop
FN:81,pushExpr
FN:95,Literal
FN:96,(anonymous_9)
FN:100,(anonymous_10)
FN:105,Or
FN:106,(anonymous_12)
FN:110,(anonymous_13)
FN:115,And
FN:116,(anonymous_15)
FN:120,(anonymous_16)
FN:125,Not
FN:126,(anonymous_18)
FN:130,(anonymous_19)
FNF:19
FNH:19
FNDA:1,TagExpressionParser
FNDA:17,(anonymous_2)
FNDA:119,(anonymous_3)
FNDA:148,isOp
FNDA:108,peek
FNDA:126,pop
FNDA:76,pushExpr
FNDA:42,Literal
FNDA:12,(anonymous_9)
FNDA:45,(anonymous_10)
FNDA:11,Or
FNDA:3,(anonymous_12)
FNDA:15,(anonymous_13)
FNDA:13,And
FNDA:3,(anonymous_15)
FNDA:15,(anonymous_16)
FNDA:9,Not
FNDA:2,(anonymous_18)
FNDA:12,(anonymous_19)
DA:1,1
DA:8,1
DA:9,17
DA:10,17
DA:11,17
DA:13,17
DA:14,119
DA:15,35
DA:20,7
DA:22,35
DA:23,84
DA:24,21
DA:25,63
DA:26,21
DA:27,17
DA:29,20
DA:30,1
DA:32,19
DA:33,19
DA:36,42
DA:40,15
DA:41,11
DA:42,1
DA:44,10
DA:47,14
DA:48,14
DA:49,1
DA:51,13
DA:54,1
DA:60,1
DA:68,1
DA:69,148
DA:72,1
DA:73,108
DA:76,1
DA:77,126
DA:78,125
DA:81,1
DA:82,76
DA:83,14
DA:84,14
DA:85,62
DA:86,11
DA:87,11
DA:88,51
DA:89,9
DA:91,42
DA:95,1
DA:96,42
DA:97,12
DA:100,42
DA:101,45
DA:105,1
DA:106,11
DA:107,3
DA:110,11
DA:111,15
DA:115,1
DA:116,13
DA:117,3
DA:120,13
DA:121,15
DA:125,1
DA:126,9
DA:127,2
DA:130,9
DA:131,12
LF:67
LH:67
BRDA:14,1,0,35
BRDA:14,1,1,84
BRDA:15,2,0,42
BRDA:15,2,1,29
BRDA:15,2,2,13
BRDA:15,2,3,9
BRDA:15,2,4,6
BRDA:15,2,5,4
BRDA:23,3,0,21
BRDA:23,3,1,63
BRDA:25,4,0,21
BRDA:25,4,1,42
BRDA:26,5,0,37
BRDA:26,5,1,36
BRDA:29,6,0,1
BRDA:29,6,1,19
BRDA:32,7,0,19
BRDA:32,7,1,0
BRDA:41,8,0,1
BRDA:41,8,1,10
BRDA:48,9,0,1
BRDA:48,9,1,13
BRDA:77,10,0,1
BRDA:77,10,1,125
BRDA:82,11,0,14
BRDA:82,11,1,62
BRDA:85,12,0,11
BRDA:85,12,1,51
BRDA:88,13,0,9
BRDA:88,13,1,42
BRDA:107,14,0,3
BRDA:107,14,1,2
BRDA:117,15,0,3
BRDA:117,15,1,2
BRF:34
BRH:33
end_of_record
