<?xml version="1.0" encoding="UTF-8"?>
<testsuite xmlns:xsi="http://www.w3.org/2001/XMLSchema-instance" xsi:noNamespaceSchemaLocation="https://maven.apache.org/surefire/maven-surefire-plugin/xsd/surefire-test-report.xsd" name="io.cucumber.tagexpressions.TagExpressionParserSyntaxErrorTest" time="0.621" tests="8" errors="0" skipped="0" failures="0">
  <properties>
[...]
</properties>
  <testcase name="parser_expression{String, String}[1]" classname="io.cucumber.tagexpressions.TagExpressionParserSyntaxErrorTest" time="0.239"/>
  <testcase name="parser_expression{String, String}[2]" classname="io.cucumber.tagexpressions.TagExpressionParserSyntaxErrorTest" time="0.002"/>
  <testcase name="parser_expression{String, String}[3]" classname="io.cucumber.tagexpressions.TagExpressionParserSyntaxErrorTest" time="0.001"/>
  <testcase name="parser_expression{String, String}[4]" classname="io.cucumber.tagexpressions.TagExpressionParserSyntaxErrorTest" time="0.002"/>
  <testcase name="parser_expression{String, String}[5]" classname="io.cucumber.tagexpressions.TagExpressionParserSyntaxErrorTest" time="0.035"/>
  <testcase name="parser_expression{String, String}[6]" classname="io.cucumber.tagexpressions.TagExpressionParserSyntaxErrorTest" time="0.009"/>
  <testcase name="parser_expression{String, String}[7]" classname="io.cucumber.tagexpressions.TagExpressionParserSyntaxErrorTest" time="0.033"/>
  <testcase name="parser_expression{String, String}[8]" classname="io.cucumber.tagexpressions.TagExpressionParserSyntaxErrorTest" time="0.008"/>
</testsuite>